<?xml version="1.0" encoding="UTF-8"?>
<!-- Generated by org.testng.reporters.JUnitXMLReporter -->
<testsuite ignored="0" hostname="Laptop-Aditya" failures="1" tests="3" name="Test" time="0.578" errors="0" timestamp="2023-01-04T15:06:09 IST">
  <testcase classname="TestCases.Tc1" name="m1" time="0.02"/>
  <testcase classname="TestCases.Tc3" name="m3" time="0.003"/>
  <testcase classname="TestCases.Tc2" name="m2" time="0.003">
    <failure type="java.lang.Error" message="Unresolved compilation problem: 
	Syntax error on tokens, delete these tokens
">
      <![CDATA[java.lang.Error: Unresolved compilation problem: 
Syntax error on tokens, delete these tokens

at TestCases.Tc2.m2(Tc2.java:12)
at java.base/java.util.ArrayList.forEach(ArrayList.java:1511)
... Removed 27 stack frames]]>
    </failure>
  </testcase> <!-- m2 -->
</testsuite> <!-- Test -->
