<?xml version="1.0" encoding="UTF-8"?>
<testng-results ignored="0" total="1" passed="1" failed="0" skipped="0">
  <reporter-output>
  </reporter-output>
  <suite started-at="2023-01-06T13:05:00 IST" name="Default suite" finished-at="2023-01-06T13:05:00 IST" duration-ms="89">
    <groups>
    </groups>
    <test started-at="2023-01-06T13:05:00 IST" name="Default test" finished-at="2023-01-06T13:05:00 IST" duration-ms="89">
      <class name="TestCases.Tc1">
        <test-method signature="m1()[pri:0, instance:TestCases.Tc1@4f67eb2a]" started-at="2023-01-06T13:05:00 IST" name="m1" finished-at="2023-01-06T13:05:00 IST" duration-ms="21" status="PASS">
          <reporter-output>
          </reporter-output>
        </test-method> <!-- m1 -->
      </class> <!-- TestCases.Tc1 -->
    </test> <!-- Default test -->
  </suite> <!-- Default suite -->
</testng-results>
